<?xml version="1.0" encoding="UTF-8"?>
<!-- Generated by org.testng.reporters.JUnitXMLReporter -->
<testsuite ignored="0" hostname="asus" failures="0" tests="5" name="Test" time="33.528" errors="0" timestamp="2023-07-10T20:53:20 IST">
  <testcase classname="demoTestpkg.DemoTest" name="login" time="1.588"/>
  <testcase classname="demoTestpkg.DemoTest" name="addToCart" time="0.862"/>
  <testcase classname="demoTestpkg.DemoTest" name="checkout" time="1.348"/>
  <testcase classname="demoTestpkg.DemoTest" name="placeOrder" time="2.617"/>
  <testcase classname="demoTestpkg.DemoTest" name="orderFinish" time="0.186"/>
</testsuite> <!-- Test -->
