<?xml version="1.0" encoding="UTF-8"?>
<testng-results ignored="0" total="5" passed="5" failed="0" skipped="0">
  <reporter-output>
  </reporter-output>
  <suite started-at="2023-07-10T20:52:46 IST" name="Suite" finished-at="2023-07-10T20:53:20 IST" duration-ms="33528">
    <groups>
    </groups>
    <test started-at="2023-07-10T20:52:46 IST" name="Test" finished-at="2023-07-10T20:53:20 IST" duration-ms="33528">
      <class name="demoTestpkg.DemoTest">
        <test-method is-config="true" signature="setUp()[pri:0, instance:demoTestpkg.DemoTest@7bd4937b]" started-at="2023-07-10T20:52:47 IST" name="setUp" finished-at="2023-07-10T20:53:13 IST" duration-ms="26676" status="PASS">
          <reporter-output>
          </reporter-output>
        </test-method> <!-- setUp -->
        <test-method signature="login()[pri:0, instance:demoTestpkg.DemoTest@7bd4937b]" started-at="2023-07-10T20:53:13 IST" name="login" finished-at="2023-07-10T20:53:15 IST" duration-ms="1588" status="PASS">
          <reporter-output>
          </reporter-output>
        </test-method> <!-- login -->
        <test-method signature="addToCart()[pri:1, instance:demoTestpkg.DemoTest@7bd4937b]" started-at="2023-07-10T20:53:15 IST" name="addToCart" finished-at="2023-07-10T20:53:16 IST" duration-ms="862" status="PASS">
          <reporter-output>
          </reporter-output>
        </test-method> <!-- addToCart -->
        <test-method signature="checkout()[pri:2, instance:demoTestpkg.DemoTest@7bd4937b]" started-at="2023-07-10T20:53:16 IST" name="checkout" finished-at="2023-07-10T20:53:17 IST" duration-ms="1348" status="PASS">
          <reporter-output>
          </reporter-output>
        </test-method> <!-- checkout -->
        <test-method signature="placeOrder()[pri:3, instance:demoTestpkg.DemoTest@7bd4937b]" started-at="2023-07-10T20:53:17 IST" name="placeOrder" finished-at="2023-07-10T20:53:20 IST" duration-ms="2617" status="PASS">
          <reporter-output>
          </reporter-output>
        </test-method> <!-- placeOrder -->
        <test-method signature="orderFinish()[pri:4, instance:demoTestpkg.DemoTest@7bd4937b]" started-at="2023-07-10T20:53:20 IST" name="orderFinish" finished-at="2023-07-10T20:53:20 IST" duration-ms="186" status="PASS">
          <reporter-output>
          </reporter-output>
        </test-method> <!-- orderFinish -->
      </class> <!-- demoTestpkg.DemoTest -->
    </test> <!-- Test -->
  </suite> <!-- Suite -->
</testng-results>
